This file contains any messages produced by compilers while
running configure, to aid debugging if configure makes a mistake.

It was created by configure, which was
generated by GNU Autoconf 2.57.  Invocation command line was

  $ ./configure 

## --------- ##
## Platform. ##
## --------- ##

hostname = matthias.local
uname -m = x86_64
uname -r = 12.2.0
uname -s = Darwin
uname -v = Darwin Kernel Version 12.2.0: Sat Aug 25 00:48:52 PDT 2012; root:xnu-2050.18.24~1/RELEASE_X86_64

/usr/bin/uname -p = i386
/bin/uname -X     = unknown

/bin/arch              = unknown
/usr/bin/arch -k       = unknown
/usr/convex/getsysinfo = unknown
hostinfo               = Mach kernel version:
	 Darwin Kernel Version 12.2.0: Sat Aug 25 00:48:52 PDT 2012; root:xnu-2050.18.24~1/RELEASE_X86_64
Kernel configured for up to 2 processors.
2 processors are physically available.
2 processors are logically available.
Processor type: i486 (Intel 80486)
Processors active: 0 1
Primary memory available: 4.00 gigabytes
Default processor set: 114 tasks, 548 threads, 2 processors
Load average: 0.64, Mach factor: 1.34
/bin/machine           = unknown
/usr/bin/oslevel       = unknown
/bin/universe          = unknown

PATH: /sw/bin
PATH: /sw/sbin
PATH: /opt/local/bin
PATH: /opt/local/sbin
PATH: /usr/bin
PATH: /bin
PATH: /usr/sbin
PATH: /sbin
PATH: /usr/local/bin
PATH: /opt/X11/bin
PATH: /usr/local/git/bin
PATH: /usr/texbin


## ----------- ##
## Core tests. ##
## ----------- ##

configure:1321: checking for a BSD-compatible install
configure:1375: result: /usr/bin/install -c
configure:1386: checking whether build environment is sane
configure:1429: result: yes
configure:1462: checking for gawk
configure:1491: result: no
configure:1462: checking for mawk
configure:1491: result: no
configure:1462: checking for nawk
configure:1491: result: no
configure:1462: checking for awk
configure:1478: found /usr/bin/awk
configure:1488: result: awk
configure:1498: checking whether make sets $(MAKE)
configure:1518: result: yes
configure:1711: checking for gcc
configure:1727: found /usr/bin/gcc
configure:1737: result: gcc
configure:1981: checking for C compiler version
configure:1984: gcc --version </dev/null >&5
i686-apple-darwin11-llvm-gcc-4.2 (GCC) 4.2.1 (Based on Apple Inc. build 5658) (LLVM build 2336.11.00)
Copyright (C) 2007 Free Software Foundation, Inc.
This is free software; see the source for copying conditions.  There is NO
warranty; not even for MERCHANTABILITY or FITNESS FOR A PARTICULAR PURPOSE.

configure:1987: $? = 0
configure:1989: gcc -v </dev/null >&5
Using built-in specs.
Target: i686-apple-darwin11
Configured with: /private/var/tmp/llvmgcc42/llvmgcc42-2336.11~67/src/configure --disable-checking --enable-werror --prefix=/Applications/Xcode.app/Contents/Developer/usr/llvm-gcc-4.2 --mandir=/share/man --enable-languages=c,objc,c++,obj-c++ --program-prefix=llvm- --program-transform-name=/^[cg][^.-]*$/s/$/-4.2/ --with-slibdir=/usr/lib --build=i686-apple-darwin11 --enable-llvm=/private/var/tmp/llvmgcc42/llvmgcc42-2336.11~67/dst-llvmCore/Developer/usr/local --program-prefix=i686-apple-darwin11- --host=x86_64-apple-darwin11 --target=i686-apple-darwin11 --with-gxx-include-dir=/usr/include/c++/4.2.1
Thread model: posix
gcc version 4.2.1 (Based on Apple Inc. build 5658) (LLVM build 2336.11.00)
configure:1992: $? = 0
configure:1994: gcc -V </dev/null >&5
llvm-gcc-4.2: argument to `-V' is missing
configure:1997: $? = 1
configure:2021: checking for C compiler default output
configure:2024: gcc   -mmacosx-version-min=10.6 conftest.c  >&5
configure:2027: $? = 0
configure:2073: result: a.out
configure:2078: checking whether the C compiler works
configure:2084: ./a.out
configure:2087: $? = 0
configure:2104: result: yes
configure:2111: checking whether we are cross compiling
configure:2113: result: no
configure:2116: checking for suffix of executables
configure:2118: gcc -o conftest   -mmacosx-version-min=10.6 conftest.c  >&5
configure:2121: $? = 0
configure:2146: result: 
configure:2152: checking for suffix of object files
configure:2174: gcc -c   conftest.c >&5
configure:2177: $? = 0
configure:2199: result: o
configure:2203: checking whether we are using the GNU C compiler
configure:2228: gcc -c   conftest.c >&5
configure:2231: $? = 0
configure:2234: test -s conftest.o
configure:2237: $? = 0
configure:2250: result: yes
configure:2256: checking whether gcc accepts -g
configure:2278: gcc -c -g  conftest.c >&5
configure:2281: $? = 0
configure:2284: test -s conftest.o
configure:2287: $? = 0
configure:2298: result: yes
configure:2315: checking for gcc option to accept ANSI C
configure:2376: gcc  -c -g -O2  conftest.c >&5
configure:2379: $? = 0
configure:2382: test -s conftest.o
configure:2385: $? = 0
configure:2403: result: none needed
configure:2421: gcc -c -g -O2  conftest.c >&5
conftest.c:2: error: expected '=', ',', ';', 'asm' or '__attribute__' before 'me'
configure:2424: $? = 1
configure: failed program was:
| #ifndef __cplusplus
|   choke me
| #endif
configure:2552: checking for style of include used by make
configure:2580: result: GNU
configure:2608: checking dependency style of gcc
configure:2670: result: gcc3
configure:2679: checking for pthread_self in -lpthread
configure:2710: gcc -o conftest -g -O2  -mmacosx-version-min=10.6 conftest.c -lpthread   >&5
configure:2713: $? = 0
configure:2716: test -s conftest
configure:2719: $? = 0
configure:2731: result: yes
configure:2747: checking for sqrt in -lm
configure:2778: gcc -o conftest -g -O2  -mmacosx-version-min=10.6 conftest.c -lm  -lpthread  >&5
configure:2772: warning: conflicting types for built-in function 'sqrt'
configure:2781: $? = 0
configure:2784: test -s conftest
configure:2787: $? = 0
configure:2799: result: yes
configure:2822: checking build system type
configure:2840: result: i686-apple-darwin12.2.0
configure:2848: checking host system type
configure:2862: result: i686-apple-darwin12.2.0
configure:2870: checking target system type
configure:2884: result: i686-apple-darwin12.2.0
configure:2939: checking for sdl-config
configure:2957: found /opt/local/bin/sdl-config
configure:2970: result: /opt/local/bin/sdl-config
configure:2978: checking for SDL - version >= 1.2.0
configure:3071: gcc -o conftest -g -O2 -I/opt/local/include/SDL -D_GNU_SOURCE=1 -D_THREAD_SAFE  -mmacosx-version-min=10.6 conftest.c -lm -lpthread  -L/opt/local/lib -lSDLmain -Wl,-framework,AppKit -lSDL -Wl,-framework,Cocoa >&5
configure:3074: $? = 0
configure:3076: ./conftest
configure:3079: $? = 0
configure:3098: result: yes
configure:3193: checking for pkg-config
configure:3211: found /opt/local/bin/pkg-config
configure:3224: result: /opt/local/bin/pkg-config
configure:3241: checking for jack
configure:3245: result: yes
configure:3249: checking JACK_CFLAGS
configure:3252: result: -I/opt/local/include  
configure:3255: checking JACK_LIBS
configure:3258: result: -framework CoreAudio -framework CoreServices -framework AudioUnit -L/opt/local/lib -ljack -lpthread  
configure:3294: checking how to run the C preprocessor
configure:3330: gcc -E  conftest.c
configure:3336: $? = 0
configure:3368: gcc -E  conftest.c
configure:3371:28: error: ac_nonexistent.h: No such file or directory
configure:3374: $? = 1
configure: failed program was:
| #line 3359 "configure"
| /* confdefs.h.  */
| 
| #define PACKAGE_NAME ""
| #define PACKAGE_TARNAME ""
| #define PACKAGE_VERSION ""
| #define PACKAGE_STRING ""
| #define PACKAGE_BUGREPORT ""
| #define PACKAGE "meterbridge"
| #define VERSION "0.9.2"
| #define HAVE_LIBPTHREAD 1
| #define HAVE_LIBM 1
| /* end confdefs.h.  */
| #include <ac_nonexistent.h>
configure:3412: result: gcc -E
configure:3437: gcc -E  conftest.c
configure:3443: $? = 0
configure:3475: gcc -E  conftest.c
configure:3478:28: error: ac_nonexistent.h: No such file or directory
configure:3481: $? = 1
configure: failed program was:
| #line 3466 "configure"
| /* confdefs.h.  */
| 
| #define PACKAGE_NAME ""
| #define PACKAGE_TARNAME ""
| #define PACKAGE_VERSION ""
| #define PACKAGE_STRING ""
| #define PACKAGE_BUGREPORT ""
| #define PACKAGE "meterbridge"
| #define VERSION "0.9.2"
| #define HAVE_LIBPTHREAD 1
| #define HAVE_LIBM 1
| /* end confdefs.h.  */
| #include <ac_nonexistent.h>
configure:3524: checking for egrep
configure:3534: result: grep -E
configure:3539: checking for ANSI C header files
configure:3565: gcc -c -g -O2  conftest.c >&5
configure:3568: $? = 0
configure:3571: test -s conftest.o
configure:3574: $? = 0
configure:3666: gcc -o conftest -g -O2  -mmacosx-version-min=10.6 conftest.c -lm -lpthread  >&5
configure: In function 'main':
configure:3663: warning: incompatible implicit declaration of built-in function 'exit'
configure:3669: $? = 0
configure:3671: ./conftest
configure:3674: $? = 0
configure:3689: result: yes
configure:3713: checking for sys/types.h
configure:3730: gcc -c -g -O2  conftest.c >&5
configure:3733: $? = 0
configure:3736: test -s conftest.o
configure:3739: $? = 0
configure:3750: result: yes
configure:3713: checking for sys/stat.h
configure:3730: gcc -c -g -O2  conftest.c >&5
configure:3733: $? = 0
configure:3736: test -s conftest.o
configure:3739: $? = 0
configure:3750: result: yes
configure:3713: checking for stdlib.h
configure:3730: gcc -c -g -O2  conftest.c >&5
configure:3733: $? = 0
configure:3736: test -s conftest.o
configure:3739: $? = 0
configure:3750: result: yes
configure:3713: checking for string.h
configure:3730: gcc -c -g -O2  conftest.c >&5
configure:3733: $? = 0
configure:3736: test -s conftest.o
configure:3739: $? = 0
configure:3750: result: yes
configure:3713: checking for memory.h
configure:3730: gcc -c -g -O2  conftest.c >&5
configure:3733: $? = 0
configure:3736: test -s conftest.o
configure:3739: $? = 0
configure:3750: result: yes
configure:3713: checking for strings.h
configure:3730: gcc -c -g -O2  conftest.c >&5
configure:3733: $? = 0
configure:3736: test -s conftest.o
configure:3739: $? = 0
configure:3750: result: yes
configure:3713: checking for inttypes.h
configure:3730: gcc -c -g -O2  conftest.c >&5
configure:3733: $? = 0
configure:3736: test -s conftest.o
configure:3739: $? = 0
configure:3750: result: yes
configure:3713: checking for stdint.h
configure:3730: gcc -c -g -O2  conftest.c >&5
configure:3733: $? = 0
configure:3736: test -s conftest.o
configure:3739: $? = 0
configure:3750: result: yes
configure:3713: checking for unistd.h
configure:3730: gcc -c -g -O2  conftest.c >&5
configure:3733: $? = 0
configure:3736: test -s conftest.o
configure:3739: $? = 0
configure:3750: result: yes
configure:3769: checking for stdlib.h
configure:3774: result: yes
configure:3769: checking for string.h
configure:3774: result: yes
configure:3769: checking for unistd.h
configure:3774: result: yes
configure:3908: checking for an ANSI C-conforming const
configure:3976: gcc -c -g -O2  conftest.c >&5
configure:3979: $? = 0
configure:3982: test -s conftest.o
configure:3985: $? = 0
configure:3996: result: yes
configure:4006: checking for inline
configure:4028: gcc -c -g -O2  conftest.c >&5
configure:4031: $? = 0
configure:4034: test -s conftest.o
configure:4037: $? = 0
configure:4049: result: inline
configure:4070: checking for atexit
configure:4120: gcc -o conftest -g -O2  -mmacosx-version-min=10.6 conftest.c -lm -lpthread  >&5
configure:4123: $? = 0
configure:4126: test -s conftest
configure:4129: $? = 0
configure:4140: result: yes
configure:4254: creating ./config.status

## ---------------------- ##
## Running config.status. ##
## ---------------------- ##

This file was extended by config.status, which was
generated by GNU Autoconf 2.57.  Invocation command line was

  CONFIG_FILES    = 
  CONFIG_HEADERS  = 
  CONFIG_LINKS    = 
  CONFIG_COMMANDS = 
  $ ./config.status 

on matthias.local

config.status:668: creating Makefile
config.status:668: creating graphics/Makefile
config.status:668: creating src/Makefile
config.status:772: creating src/config.h
config.status:889: src/config.h is unchanged
config.status:995: executing depfiles commands

## ---------------- ##
## Cache variables. ##
## ---------------- ##

ac_cv_build=i686-apple-darwin12.2.0
ac_cv_build_alias=i686-apple-darwin12.2.0
ac_cv_c_compiler_gnu=yes
ac_cv_c_const=yes
ac_cv_c_inline=inline
ac_cv_env_CC_set=
ac_cv_env_CC_value=
ac_cv_env_CFLAGS_set=
ac_cv_env_CFLAGS_value=
ac_cv_env_CPPFLAGS_set=
ac_cv_env_CPPFLAGS_value=
ac_cv_env_CPP_set=
ac_cv_env_CPP_value=
ac_cv_env_LDFLAGS_set=set
ac_cv_env_LDFLAGS_value=-mmacosx-version-min=10.6
ac_cv_env_build_alias_set=
ac_cv_env_build_alias_value=
ac_cv_env_host_alias_set=
ac_cv_env_host_alias_value=
ac_cv_env_target_alias_set=
ac_cv_env_target_alias_value=
ac_cv_exeext=
ac_cv_func_atexit=yes
ac_cv_header_inttypes_h=yes
ac_cv_header_memory_h=yes
ac_cv_header_stdc=yes
ac_cv_header_stdint_h=yes
ac_cv_header_stdlib_h=yes
ac_cv_header_string_h=yes
ac_cv_header_strings_h=yes
ac_cv_header_sys_stat_h=yes
ac_cv_header_sys_types_h=yes
ac_cv_header_unistd_h=yes
ac_cv_host=i686-apple-darwin12.2.0
ac_cv_host_alias=i686-apple-darwin12.2.0
ac_cv_lib_m_sqrt=yes
ac_cv_lib_pthread_pthread_self=yes
ac_cv_objext=o
ac_cv_path_PKG_CONFIG=/opt/local/bin/pkg-config
ac_cv_path_SDL_CONFIG=/opt/local/bin/sdl-config
ac_cv_path_install='/usr/bin/install -c'
ac_cv_prog_AWK=awk
ac_cv_prog_CPP='gcc -E'
ac_cv_prog_ac_ct_CC=gcc
ac_cv_prog_cc_g=yes
ac_cv_prog_cc_stdc=
ac_cv_prog_egrep='grep -E'
ac_cv_prog_make_make_set=yes
ac_cv_target=i686-apple-darwin12.2.0
ac_cv_target_alias=i686-apple-darwin12.2.0
am_cv_CC_dependencies_compiler_type=gcc3

## ----------------- ##
## Output variables. ##
## ----------------- ##

ACLOCAL='${SHELL} /Users/matthias/meterbridge-0.9.2/missing --run aclocal-1.6'
AMDEPBACKSLASH='\'
AMDEP_FALSE='#'
AMDEP_TRUE=''
AMTAR='${SHELL} /Users/matthias/meterbridge-0.9.2/missing --run tar'
AUTOCONF='${SHELL} /Users/matthias/meterbridge-0.9.2/missing --run autoconf'
AUTOHEADER='${SHELL} /Users/matthias/meterbridge-0.9.2/missing --run autoheader'
AUTOMAKE='${SHELL} /Users/matthias/meterbridge-0.9.2/missing --run automake-1.6'
AWK='awk'
CC='gcc'
CCDEPMODE='depmode=gcc3'
CFLAGS='-g -O2'
CPP='gcc -E'
CPPFLAGS=''
DEFS='-DHAVE_CONFIG_H'
DEPDIR='.deps'
ECHO_C='ECHO_N=''
ECHO_T=''
EGREP='grep -E'
EXEEXT=''
INSTALL_DATA='${INSTALL} -m 644'
INSTALL_PROGRAM='${INSTALL}'
INSTALL_SCRIPT='${INSTALL}'
INSTALL_STRIP_PROGRAM='${SHELL} $(install_sh) -c -s'
JACK_CFLAGS='-I/opt/local/include  '
JACK_LIBS='-framework CoreAudio -framework CoreServices -framework AudioUnit -L/opt/local/lib -ljack -lpthread  '
LDFLAGS='-mmacosx-version-min=10.6'
LIBOBJS=''
LIBS='-lm -lpthread '
LTLIBOBJS=''
MAKEINFO='${SHELL} /Users/matthias/meterbridge-0.9.2/missing --run makeinfo'
OBJEXT='o'
PACKAGE='meterbridge'
PACKAGE_BUGREPORT=''
PACKAGE_NAME=''
PACKAGE_STRING=''
PACKAGE_TARNAME=''
PACKAGE_VERSION=''
PATH_SEPARATOR=':'
PKG_CONFIG='/opt/local/bin/pkg-config'
SDL_CFLAGS='-I/opt/local/include/SDL -D_GNU_SOURCE=1 -D_THREAD_SAFE'
SDL_CONFIG='/opt/local/bin/sdl-config'
SDL_LIBS='-L/opt/local/lib -lSDLmain -Wl,-framework,AppKit -lSDL -Wl,-framework,Cocoa'
SET_MAKE=''
SHELL='/bin/sh'
STRIP=''
VERSION='0.9.2'
ac_ct_CC='gcc'
ac_ct_STRIP=''
am__include='include'
am__quote=''
bindir='${exec_prefix}/bin'
build='i686-apple-darwin12.2.0'
build_alias=''
build_cpu='i686'
build_os='darwin12.2.0'
build_vendor='apple'
datadir='${prefix}/share'
exec_prefix='${prefix}'
host='i686-apple-darwin12.2.0'
host_alias=''
host_cpu='i686'
host_os='darwin12.2.0'
host_vendor='apple'
includedir='${prefix}/include'
infodir='${prefix}/info'
install_sh='/Users/matthias/meterbridge-0.9.2/install-sh'
libdir='${exec_prefix}/lib'
libexecdir='${exec_prefix}/libexec'
localstatedir='${prefix}/var'
mandir='${prefix}/man'
oldincludedir='/usr/include'
prefix='/usr/local'
program_transform_name='s,x,x,'
sbindir='${exec_prefix}/sbin'
sharedstatedir='${prefix}/com'
sysconfdir='${prefix}/etc'
target='i686-apple-darwin12.2.0'
target_alias=''
target_cpu='i686'
target_os='darwin12.2.0'
target_vendor='apple'

## ----------- ##
## confdefs.h. ##
## ----------- ##

#define HAVE_ATEXIT 1
#define HAVE_INTTYPES_H 1
#define HAVE_LIBM 1
#define HAVE_LIBPTHREAD 1
#define HAVE_MEMORY_H 1
#define HAVE_STDINT_H 1
#define HAVE_STDLIB_H 1
#define HAVE_STDLIB_H 1
#define HAVE_STRINGS_H 1
#define HAVE_STRING_H 1
#define HAVE_STRING_H 1
#define HAVE_SYS_STAT_H 1
#define HAVE_SYS_TYPES_H 1
#define HAVE_UNISTD_H 1
#define HAVE_UNISTD_H 1
#define PACKAGE "meterbridge"
#define PACKAGE_BUGREPORT ""
#define PACKAGE_NAME ""
#define PACKAGE_STRING ""
#define PACKAGE_TARNAME ""
#define PACKAGE_VERSION ""
#define STDC_HEADERS 1
#define VERSION "0.9.2"

configure: exit 0
